<?xml version="1.0" encoding="UTF-8"?>
<!-- Generated by org.testng.reporters.JUnitXMLReporter -->
<testsuite ignored="0" hostname="DESKTOP-OVC0NH1" failures="1" tests="1" name="Default test" time="9.212" errors="0" timestamp="2026-04-26T18:56:51 IST">
  <testcase classname="TestCases.Testcase1" name="Test" time="9.132">
    <failure type="com.microsoft.playwright.PlaywrightException" message="Error {
  message=&amp;apos;Error: Element is not an &amp;lt;input&amp;gt;, &amp;lt;textarea&amp;gt; or [contenteditable] element
  name=&amp;apos;Error
  stack=&amp;apos;Error: Error: Element is not an &amp;lt;input&amp;gt;, &amp;lt;textarea&amp;gt; or [contenteditable] element
    at CRExecutionContext.evaluateWithArguments (C:\Users\Aravind\AppData\Local\Temp\playwright-java-18021098443643964050\package\lib\server\chromium\crExecutionContext.js:92:33)
    at async LongStandingScope._race (C:\Users\Aravind\AppData\Local\Temp\playwright-java-18021098443643964050\package\lib\utils\manualPromise.js:96:14)
    at async evaluateExpression (C:\Users\Aravind\AppData\Local\Temp\playwright-java-18021098443643964050\package\lib\server\javascript.js:241:12)
    at async ElementHandle.evaluateInUtility (C:\Users\Aravind\AppData\Local\Temp\playwright-java-18021098443643964050\package\lib\server\dom.js:126:14)
    at async C:\Users\Aravind\AppData\Local\Temp\playwright-java-18021098443643964050\package\lib\server\dom.js:521:24
    at async FrameManager.waitForSignalsCreatedBy (C:\Users\Aravind\AppData\Local\Temp\playwright-java-18021098443643964050\package\lib\server\frames.js:117:20)
    at async ElementHandle._retryAction (C:\Users\Aravind\AppData\Local\Temp\playwright-java-18021098443643964050\package\lib\server\dom.js:266:22)
    at async ElementHandle._fill (C:\Users\Aravind\AppData\Local\Temp\playwright-java-18021098443643964050\package\lib\server\dom.js:517:12)
    at async C:\Users\Aravind\AppData\Local\Temp\playwright-java-18021098443643964050\package\lib\server\frames.js:982:24
    at async Frame.retryWithProgressAndTimeouts (C:\Users\Aravind\AppData\Local\Temp\playwright-java-18021098443643964050\package\lib\server\frames.js:917:24)
}
Call log:
- waiting for locator(&amp;quot;div[id=&amp;apos;slider-range&amp;apos;]&amp;quot;)
-   locator resolved to &amp;lt;div id=&amp;quot;slider-range&amp;quot; class=&amp;quot;ui-slider ui-corner-all…&amp;gt;…&amp;lt;/div&amp;gt;
-   fill(&amp;quot;70&amp;quot;)
- attempting fill action
-   waiting for element to be visible, enabled and editable
">
      <![CDATA[com.microsoft.playwright.PlaywrightException: Error {
  message='Error: Element is not an <input>, <textarea> or [contenteditable] element
  name='Error
  stack='Error: Error: Element is not an <input>, <textarea> or [contenteditable] element
    at CRExecutionContext.evaluateWithArguments (C:\Users\Aravind\AppData\Local\Temp\playwright-java-18021098443643964050\package\lib\server\chromium\crExecutionContext.js:92:33)
    at async LongStandingScope._race (C:\Users\Aravind\AppData\Local\Temp\playwright-java-18021098443643964050\package\lib\utils\manualPromise.js:96:14)
    at async evaluateExpression (C:\Users\Aravind\AppData\Local\Temp\playwright-java-18021098443643964050\package\lib\server\javascript.js:241:12)
    at async ElementHandle.evaluateInUtility (C:\Users\Aravind\AppData\Local\Temp\playwright-java-18021098443643964050\package\lib\server\dom.js:126:14)
    at async C:\Users\Aravind\AppData\Local\Temp\playwright-java-18021098443643964050\package\lib\server\dom.js:521:24
    at async FrameManager.waitForSignalsCreatedBy (C:\Users\Aravind\AppData\Local\Temp\playwright-java-18021098443643964050\package\lib\server\frames.js:117:20)
    at async ElementHandle._retryAction (C:\Users\Aravind\AppData\Local\Temp\playwright-java-18021098443643964050\package\lib\server\dom.js:266:22)
    at async ElementHandle._fill (C:\Users\Aravind\AppData\Local\Temp\playwright-java-18021098443643964050\package\lib\server\dom.js:517:12)
    at async C:\Users\Aravind\AppData\Local\Temp\playwright-java-18021098443643964050\package\lib\server\frames.js:982:24
    at async Frame.retryWithProgressAndTimeouts (C:\Users\Aravind\AppData\Local\Temp\playwright-java-18021098443643964050\package\lib\server\frames.js:917:24)
}
Call log:
- waiting for locator("div[id='slider-range']")
-   locator resolved to <div id="slider-range" class="ui-slider ui-corner-all…>…</div>
-   fill("70")
- attempting fill action
-   waiting for element to be visible, enabled and editable

at com.microsoft.playwright.impl.WaitableResult.get(WaitableResult.java:56)
at com.microsoft.playwright.impl.ChannelOwner.runUntil(ChannelOwner.java:120)
at com.microsoft.playwright.impl.Connection.sendMessage(Connection.java:130)
at com.microsoft.playwright.impl.ChannelOwner.sendMessage(ChannelOwner.java:106)
at com.microsoft.playwright.impl.FrameImpl.fillImpl(FrameImpl.java:335)
at com.microsoft.playwright.impl.FrameImpl.lambda$fill$14(FrameImpl.java:325)
at com.microsoft.playwright.impl.LoggingSupport.lambda$withLogging$0(LoggingSupport.java:36)
at com.microsoft.playwright.impl.LoggingSupport.withLogging(LoggingSupport.java:47)
at com.microsoft.playwright.impl.ChannelOwner.withLogging(ChannelOwner.java:89)
at com.microsoft.playwright.impl.LoggingSupport.withLogging(LoggingSupport.java:35)
at com.microsoft.playwright.impl.FrameImpl.fill(FrameImpl.java:325)
at com.microsoft.playwright.impl.LocatorImpl.fill(LocatorImpl.java:235)
at com.microsoft.playwright.Locator.fill(Locator.java:3046)
at TestCases.Testcase1.Test(Testcase1.java:27)
at java.base/jdk.internal.reflect.DirectMethodHandleAccessor.invoke(DirectMethodHandleAccessor.java:103)
at java.base/java.lang.reflect.Method.invoke(Method.java:580)
at org.testng.internal.invokers.MethodInvocationHelper.invokeMethod(MethodInvocationHelper.java:139)
at org.testng.internal.invokers.TestInvoker.invokeMethod(TestInvoker.java:664)
at org.testng.internal.invokers.TestInvoker.invokeTestMethod(TestInvoker.java:228)
at org.testng.internal.invokers.MethodRunner.runInSequence(MethodRunner.java:63)
at org.testng.internal.invokers.TestInvoker$MethodInvocationAgent.invoke(TestInvoker.java:961)
at org.testng.internal.invokers.TestInvoker.invokeTestMethods(TestInvoker.java:201)
at org.testng.internal.invokers.TestMethodWorker.invokeTestMethods(TestMethodWorker.java:148)
at org.testng.internal.invokers.TestMethodWorker.run(TestMethodWorker.java:128)
at java.base/java.util.ArrayList.forEach(ArrayList.java:1597)
at org.testng.TestRunner.privateRun(TestRunner.java:819)
at org.testng.TestRunner.run(TestRunner.java:619)
at org.testng.SuiteRunner.runTest(SuiteRunner.java:443)
at org.testng.SuiteRunner.runSequentially(SuiteRunner.java:437)
at org.testng.SuiteRunner.privateRun(SuiteRunner.java:397)
at org.testng.SuiteRunner.run(SuiteRunner.java:336)
at org.testng.SuiteRunnerWorker.runSuite(SuiteRunnerWorker.java:52)
at org.testng.SuiteRunnerWorker.run(SuiteRunnerWorker.java:95)
at org.testng.TestNG.runSuitesSequentially(TestNG.java:1301)
at org.testng.TestNG.runSuitesLocally(TestNG.java:1228)
at org.testng.TestNG.runSuites(TestNG.java:1134)
at org.testng.TestNG.run(TestNG.java:1101)
at org.testng.remote.AbstractRemoteTestNG.run(AbstractRemoteTestNG.java:115)
at org.testng.remote.RemoteTestNG.initAndRun(RemoteTestNG.java:293)
at org.testng.remote.RemoteTestNG.main(RemoteTestNG.java:91)
Caused by: com.microsoft.playwright.impl.DriverException: Error {
  message='Error: Element is not an <input>, <textarea> or [contenteditable] element
  name='Error
  stack='Error: Error: Element is not an <input>, <textarea> or [contenteditable] element
    at CRExecutionContext.evaluateWithArguments (C:\Users\Aravind\AppData\Local\Temp\playwright-java-18021098443643964050\package\lib\server\chromium\crExecutionContext.js:92:33)
    at async LongStandingScope._race (C:\Users\Aravind\AppData\Local\Temp\playwright-java-18021098443643964050\package\lib\utils\manualPromise.js:96:14)
    at async evaluateExpression (C:\Users\Aravind\AppData\Local\Temp\playwright-java-18021098443643964050\package\lib\server\javascript.js:241:12)
    at async ElementHandle.evaluateInUtility (C:\Users\Aravind\AppData\Local\Temp\playwright-java-18021098443643964050\package\lib\server\dom.js:126:14)
    at async C:\Users\Aravind\AppData\Local\Temp\playwright-java-18021098443643964050\package\lib\server\dom.js:521:24
    at async FrameManager.waitForSignalsCreatedBy (C:\Users\Aravind\AppData\Local\Temp\playwright-java-18021098443643964050\package\lib\server\frames.js:117:20)
    at async ElementHandle._retryAction (C:\Users\Aravind\AppData\Local\Temp\playwright-java-18021098443643964050\package\lib\server\dom.js:266:22)
    at async ElementHandle._fill (C:\Users\Aravind\AppData\Local\Temp\playwright-java-18021098443643964050\package\lib\server\dom.js:517:12)
    at async C:\Users\Aravind\AppData\Local\Temp\playwright-java-18021098443643964050\package\lib\server\frames.js:982:24
    at async Frame.retryWithProgressAndTimeouts (C:\Users\Aravind\AppData\Local\Temp\playwright-java-18021098443643964050\package\lib\server\frames.js:917:24)
}
Call log:
- waiting for locator("div[id='slider-range']")
-   locator resolved to <div id="slider-range" class="ui-slider ui-corner-all…>…</div>
-   fill("70")
- attempting fill action
-   waiting for element to be visible, enabled and editable

at com.microsoft.playwright.impl.Connection.dispatch(Connection.java:259)
at com.microsoft.playwright.impl.Connection.processOneMessage(Connection.java:211)
at com.microsoft.playwright.impl.ChannelOwner.runUntil(ChannelOwner.java:118)
... 38 more
]]>
    </failure>
  </testcase> <!-- Test -->
</testsuite> <!-- Default test -->
