<?xml version="1.0" encoding="UTF-8"?>
<testng-results ignored="0" total="1" passed="1" failed="0" skipped="0">
  <reporter-output>
  </reporter-output>
  <suite started-at="2026-04-26T19:18:14 IST" name="Suite" finished-at="2026-04-26T19:18:24 IST" duration-ms="10561">
    <groups>
    </groups>
    <test started-at="2026-04-26T19:18:14 IST" name="Test" finished-at="2026-04-26T19:18:24 IST" duration-ms="10561">
      <class name="TestCases.DropDown">
        <test-method signature="drodown()[pri:0, instance:TestCases.DropDown@6302bbb1]" started-at="2026-04-26T19:18:14 IST" name="drodown" finished-at="2026-04-26T19:18:24 IST" duration-ms="10491" status="PASS">
          <reporter-output>
          </reporter-output>
        </test-method> <!-- drodown -->
      </class> <!-- TestCases.DropDown -->
    </test> <!-- Test -->
  </suite> <!-- Suite -->
</testng-results>
