<?xml version="1.0" encoding="UTF-8"?>
<!-- Generated by org.testng.reporters.JUnitReportReporter -->
<testsuite hostname="DESKTOP-OVC0NH1" failures="0" tests="1" name="TestCases.FileUpload" time="8.147" errors="1" timestamp="2026-04-26T19:07:28 IST" skipped="0">
  <testcase classname="TestCases.FileUpload" name="main" time="8.147">
    <error message="Cannot get absolute file path" type="com.microsoft.playwright.PlaywrightException">
      <![CDATA[com.microsoft.playwright.PlaywrightException: Cannot get absolute file path
at com.microsoft.playwright.impl.Utils.lambda$addFilePathUploadParams$0(Utils.java:205)
at java.base/java.util.stream.ReferencePipeline$3$1.accept(ReferencePipeline.java:215)
at java.base/java.util.Spliterators$ArraySpliterator.forEachRemaining(Spliterators.java:1024)
at java.base/java.util.stream.AbstractPipeline.copyInto(AbstractPipeline.java:570)
at java.base/java.util.stream.AbstractPipeline.wrapAndCopyInto(AbstractPipeline.java:560)
at java.base/java.util.stream.AbstractPipeline.evaluate(AbstractPipeline.java:636)
at java.base/java.util.stream.AbstractPipeline.evaluateToArrayNode(AbstractPipeline.java:291)
at java.base/java.util.stream.ReferencePipeline.toArray(ReferencePipeline.java:656)
at com.microsoft.playwright.impl.Utils.addFilePathUploadParams(Utils.java:207)
at com.microsoft.playwright.impl.FrameImpl.setInputFilesImpl(FrameImpl.java:768)
at com.microsoft.playwright.impl.FrameImpl.lambda$setInputFiles$35(FrameImpl.java:760)
at com.microsoft.playwright.impl.LoggingSupport.lambda$withLogging$0(LoggingSupport.java:36)
at com.microsoft.playwright.impl.LoggingSupport.withLogging(LoggingSupport.java:47)
at com.microsoft.playwright.impl.ChannelOwner.withLogging(ChannelOwner.java:89)
at com.microsoft.playwright.impl.LoggingSupport.withLogging(LoggingSupport.java:35)
at com.microsoft.playwright.impl.FrameImpl.setInputFiles(FrameImpl.java:760)
at com.microsoft.playwright.impl.FrameImpl.setInputFiles(FrameImpl.java:746)
at com.microsoft.playwright.impl.LocatorImpl.setInputFiles(LocatorImpl.java:551)
at com.microsoft.playwright.Locator.setInputFiles(Locator.java:4904)
at TestCases.FileUpload.main(FileUpload.java:23)
at java.base/jdk.internal.reflect.DirectMethodHandleAccessor.invoke(DirectMethodHandleAccessor.java:103)
at java.base/java.lang.reflect.Method.invoke(Method.java:580)
at org.testng.internal.invokers.MethodInvocationHelper.invokeMethod(MethodInvocationHelper.java:139)
at org.testng.internal.invokers.TestInvoker.invokeMethod(TestInvoker.java:664)
at org.testng.internal.invokers.TestInvoker.invokeTestMethod(TestInvoker.java:228)
at org.testng.internal.invokers.MethodRunner.runInSequence(MethodRunner.java:63)
at org.testng.internal.invokers.TestInvoker$MethodInvocationAgent.invoke(TestInvoker.java:961)
at org.testng.internal.invokers.TestInvoker.invokeTestMethods(TestInvoker.java:201)
at org.testng.internal.invokers.TestMethodWorker.invokeTestMethods(TestMethodWorker.java:148)
at org.testng.internal.invokers.TestMethodWorker.run(TestMethodWorker.java:128)
at java.base/java.util.ArrayList.forEach(ArrayList.java:1597)
at org.testng.TestRunner.privateRun(TestRunner.java:819)
at org.testng.TestRunner.run(TestRunner.java:619)
at org.testng.SuiteRunner.runTest(SuiteRunner.java:443)
at org.testng.SuiteRunner.runSequentially(SuiteRunner.java:437)
at org.testng.SuiteRunner.privateRun(SuiteRunner.java:397)
at org.testng.SuiteRunner.run(SuiteRunner.java:336)
at org.testng.SuiteRunnerWorker.runSuite(SuiteRunnerWorker.java:52)
at org.testng.SuiteRunnerWorker.run(SuiteRunnerWorker.java:95)
at org.testng.TestNG.runSuitesSequentially(TestNG.java:1301)
at org.testng.TestNG.runSuitesLocally(TestNG.java:1228)
at org.testng.TestNG.runSuites(TestNG.java:1134)
at org.testng.TestNG.run(TestNG.java:1101)
at org.testng.remote.AbstractRemoteTestNG.run(AbstractRemoteTestNG.java:115)
at org.testng.remote.RemoteTestNG.initAndRun(RemoteTestNG.java:293)
at org.testng.remote.RemoteTestNG.main(RemoteTestNG.java:91)
Caused by: java.nio.file.NoSuchFileException: C:\Users\YourName\Desktop\sample.txt
at java.base/sun.nio.fs.WindowsException.translateToIOException(WindowsException.java:85)
at java.base/sun.nio.fs.WindowsException.rethrowAsIOException(WindowsException.java:96)
at java.base/sun.nio.fs.WindowsLinkSupport.getRealPath(WindowsLinkSupport.java:288)
at java.base/sun.nio.fs.WindowsPath.toRealPath(WindowsPath.java:944)
at java.base/sun.nio.fs.WindowsPath.toRealPath(WindowsPath.java:42)
at com.microsoft.playwright.impl.Utils.lambda$addFilePathUploadParams$0(Utils.java:203)
... 45 more
]]>
    </error>
  </testcase> <!-- main -->
</testsuite> <!-- TestCases.FileUpload -->
